app/build/intermediates/manifest_merge_blame_file/debug/processDebugMainManifest/manifest-merger-blame-debug-report.txt
1<?xml version="1.0" encoding="utf-8"?>
2<manifest xmlns:android="http://schemas.android.com/apk/res/android"
3    package="com.team.financeapp"
4    android:versionCode="1"
5    android:versionName="V2026" >
6
7    <uses-sdk
8        android:minSdkVersion="24"
9        android:targetSdkVersion="34" />
10
11    <uses-permission android:name="android.permission.INTERNET" />
11-->src\main\AndroidManifest.xml:5:5-67
11-->src\main\AndroidManifest.xml:5:22-64
12    <uses-permission android:name="android.permission.USE_BIOMETRIC" />
12-->src\main\AndroidManifest.xml:6:5-72
12-->src\main\AndroidManifest.xml:6:22-69
13
14    <!-- suppress DeprecatedClassUsageInspection -->
15    <uses-permission android:name="android.permission.USE_FINGERPRINT" />
15-->[androidx.biometric:biometric:1.1.0] AndroidManifest.xml:27:5-74
15-->[androidx.biometric:biometric:1.1.0] AndroidManifest.xml:27:22-71
16    <uses-permission android:name="android.permission.ACCESS_NETWORK_STATE" />
16-->[com.google.firebase:firebase-auth:24.0.1] AndroidManifest.xml:26:5-79
16-->[com.google.firebase:firebase-auth:24.0.1] AndroidManifest.xml:26:22-76
17    <uses-permission android:name="com.google.android.providers.gsf.permission.READ_GSERVICES" />
17-->[com.google.android.recaptcha:recaptcha:18.6.1] AndroidManifest.xml:9:5-98
17-->[com.google.android.recaptcha:recaptcha:18.6.1] AndroidManifest.xml:9:22-95
18    <uses-permission android:name="android.permission.WAKE_LOCK" />
18-->[androidx.work:work-runtime:2.9.1] AndroidManifest.xml:23:5-68
18-->[androidx.work:work-runtime:2.9.1] AndroidManifest.xml:23:22-65
19    <uses-permission android:name="android.permission.RECEIVE_BOOT_COMPLETED" />
19-->[androidx.work:work-runtime:2.9.1] AndroidManifest.xml:25:5-81
19-->[androidx.work:work-runtime:2.9.1] AndroidManifest.xml:25:22-78
20    <uses-permission android:name="android.permission.FOREGROUND_SERVICE" />
20-->[androidx.work:work-runtime:2.9.1] AndroidManifest.xml:26:5-77
20-->[androidx.work:work-runtime:2.9.1] AndroidManifest.xml:26:22-74
21
22    <permission
22-->[androidx.core:core:1.9.0] AndroidManifest.xml:22:5-24:47
23        android:name="com.team.financeapp.DYNAMIC_RECEIVER_NOT_EXPORTED_PERMISSION"
23-->[androidx.core:core:1.9.0] AndroidManifest.xml:23:9-81
24        android:protectionLevel="signature" />
24-->[androidx.core:core:1.9.0] AndroidManifest.xml:24:9-44
25
26    <uses-permission android:name="com.team.financeapp.DYNAMIC_RECEIVER_NOT_EXPORTED_PERMISSION" />
26-->[androidx.core:core:1.9.0] AndroidManifest.xml:26:5-97
26-->[androidx.core:core:1.9.0] AndroidManifest.xml:26:22-94
27
28    <application
28-->src\main\AndroidManifest.xml:8:5-46:19
29        android:name="com.team.financeapp.FinanceApplication"
29-->src\main\AndroidManifest.xml:9:9-43
30        android:allowBackup="true"
30-->src\main\AndroidManifest.xml:10:9-35
31        android:appComponentFactory="androidx.core.app.CoreComponentFactory"
31-->[androidx.core:core:1.9.0] AndroidManifest.xml:28:18-86
32        android:dataExtractionRules="@xml/data_extraction_rules"
32-->src\main\AndroidManifest.xml:11:9-65
33        android:debuggable="true"
34        android:extractNativeLibs="false"
35        android:fullBackupContent="@xml/backup_rules"
35-->src\main\AndroidManifest.xml:12:9-54
36        android:icon="@mipmap/ic_launcher"
36-->src\main\AndroidManifest.xml:13:9-43
37        android:label="@string/app_name"
37-->src\main\AndroidManifest.xml:14:9-41
38        android:roundIcon="@mipmap/ic_launcher_round"
38-->src\main\AndroidManifest.xml:15:9-54
39        android:supportsRtl="true"
39-->src\main\AndroidManifest.xml:16:9-35
40        android:theme="@style/Theme.FinanceApp" >
40-->src\main\AndroidManifest.xml:17:9-48
41        <activity
41-->src\main\AndroidManifest.xml:18:9-26:20
42            android:name="com.team.financeapp.HomeActivity"
42-->src\main\AndroidManifest.xml:19:13-41
43            android:exported="true" >
43-->src\main\AndroidManifest.xml:20:13-36
44            <intent-filter>
44-->src\main\AndroidManifest.xml:21:13-25:29
45                <action android:name="android.intent.action.MAIN" />
45-->src\main\AndroidManifest.xml:22:17-69
45-->src\main\AndroidManifest.xml:22:25-66
46
47                <category android:name="android.intent.category.LAUNCHER" />
47-->src\main\AndroidManifest.xml:24:17-77
47-->src\main\AndroidManifest.xml:24:27-74
48            </intent-filter>
49        </activity>
50        <activity
50-->src\main\AndroidManifest.xml:27:9-76
51            android:name="com.team.financeapp.LoginActivity"
51-->src\main\AndroidManifest.xml:27:19-48
52            android:exported="false" />
52-->src\main\AndroidManifest.xml:27:49-73
53        <activity
53-->src\main\AndroidManifest.xml:28:9-79
54            android:name="com.team.financeapp.RegisterActivity"
54-->src\main\AndroidManifest.xml:28:19-51
55            android:exported="false" />
55-->src\main\AndroidManifest.xml:28:52-76
56        <activity
56-->src\main\AndroidManifest.xml:29:9-85
57            android:name="com.team.financeapp.ForgotPasswordActivity"
57-->src\main\AndroidManifest.xml:29:19-57
58            android:exported="false" />
58-->src\main\AndroidManifest.xml:29:58-82
59        <activity
59-->src\main\AndroidManifest.xml:30:9-85
60            android:name="com.team.financeapp.ChangePasswordActivity"
60-->src\main\AndroidManifest.xml:30:19-57
61            android:exported="false" />
61-->src\main\AndroidManifest.xml:30:58-82
62        <activity
62-->src\main\AndroidManifest.xml:31:9-80
63            android:name="com.team.financeapp.DashboardActivity"
63-->src\main\AndroidManifest.xml:31:19-52
64            android:exported="false" />
64-->src\main\AndroidManifest.xml:31:53-77
65        <activity
65-->src\main\AndroidManifest.xml:32:9-79
66            android:name="com.team.financeapp.ExpensesActivity"
66-->src\main\AndroidManifest.xml:32:19-51
67            android:exported="false" />
67-->src\main\AndroidManifest.xml:32:52-76
68        <activity
68-->src\main\AndroidManifest.xml:33:9-76
69            android:name="com.team.financeapp.BillsActivity"
69-->src\main\AndroidManifest.xml:33:19-48
70            android:exported="false" />
70-->src\main\AndroidManifest.xml:33:49-73
71        <activity
71-->src\main\AndroidManifest.xml:34:9-76
72            android:name="com.team.financeapp.GoalsActivity"
72-->src\main\AndroidManifest.xml:34:19-48
73            android:exported="false" />
73-->src\main\AndroidManifest.xml:34:49-73
74        <activity
74-->src\main\AndroidManifest.xml:35:9-78
75            android:name="com.team.financeapp.ProfileActivity"
75-->src\main\AndroidManifest.xml:35:19-50
76            android:exported="false" />
76-->src\main\AndroidManifest.xml:35:51-75
77        <activity
77-->src\main\AndroidManifest.xml:36:9-82
78            android:name="com.team.financeapp.EditProfileActivity"
78-->src\main\AndroidManifest.xml:36:19-54
79            android:exported="false" />
79-->src\main\AndroidManifest.xml:36:55-79
80        <activity
80-->src\main\AndroidManifest.xml:37:9-78
81            android:name="com.team.financeapp.AppLockActivity"
81-->src\main\AndroidManifest.xml:37:19-50
82            android:exported="false" />
82-->src\main\AndroidManifest.xml:37:51-75
83        <activity
83-->src\main\AndroidManifest.xml:38:9-86
84            android:name="com.team.financeapp.AppLockSettingsActivity"
84-->src\main\AndroidManifest.xml:38:19-58
85            android:exported="false" />
85-->src\main\AndroidManifest.xml:38:59-83
86        <activity
86-->src\main\AndroidManifest.xml:39:9-81
87            android:name="com.team.financeapp.AddExpenseActivity"
87-->src\main\AndroidManifest.xml:39:19-53
88            android:exported="false" />
88-->src\main\AndroidManifest.xml:39:54-78
89        <activity
89-->src\main\AndroidManifest.xml:40:9-80
90            android:name="com.team.financeapp.AddIncomeActivity"
90-->src\main\AndroidManifest.xml:40:19-52
91            android:exported="false" />
91-->src\main\AndroidManifest.xml:40:53-77
92        <activity
92-->src\main\AndroidManifest.xml:41:9-84
93            android:name="com.team.financeapp.IncomeHistoryActivity"
93-->src\main\AndroidManifest.xml:41:19-56
94            android:exported="false" />
94-->src\main\AndroidManifest.xml:41:57-81
95        <activity
95-->src\main\AndroidManifest.xml:42:9-78
96            android:name="com.team.financeapp.AddBillActivity"
96-->src\main\AndroidManifest.xml:42:19-50
97            android:exported="false" />
97-->src\main\AndroidManifest.xml:42:51-75
98        <activity
98-->src\main\AndroidManifest.xml:43:9-78
99            android:name="com.team.financeapp.AddGoalActivity"
99-->src\main\AndroidManifest.xml:43:19-50
100            android:exported="false" />
100-->src\main\AndroidManifest.xml:43:51-75
101        <activity
101-->src\main\AndroidManifest.xml:44:9-82
102            android:name="com.team.financeapp.GoalDetailsActivity"
102-->src\main\AndroidManifest.xml:44:19-54
103            android:exported="false" />
103-->src\main\AndroidManifest.xml:44:55-79
104        <activity
104-->src\main\AndroidManifest.xml:45:9-84
105            android:name="com.team.financeapp.NotificationsActivity"
105-->src\main\AndroidManifest.xml:45:19-56
106            android:exported="false" />
106-->src\main\AndroidManifest.xml:45:57-81
107        <activity
107-->[com.google.firebase:firebase-auth:24.0.1] AndroidManifest.xml:29:9-46:20
108            android:name="com.google.firebase.auth.internal.GenericIdpActivity"
108-->[com.google.firebase:firebase-auth:24.0.1] AndroidManifest.xml:30:13-80
109            android:excludeFromRecents="true"
109-->[com.google.firebase:firebase-auth:24.0.1] AndroidManifest.xml:31:13-46
110            android:exported="true"
110-->[com.google.firebase:firebase-auth:24.0.1] AndroidManifest.xml:32:13-36
111            android:launchMode="singleTask"
111-->[com.google.firebase:firebase-auth:24.0.1] AndroidManifest.xml:33:13-44
112            android:theme="@android:style/Theme.Translucent.NoTitleBar" >
112-->[com.google.firebase:firebase-auth:24.0.1] AndroidManifest.xml:34:13-72
113            <intent-filter>
113-->[com.google.firebase:firebase-auth:24.0.1] AndroidManifest.xml:35:13-45:29
114                <action android:name="android.intent.action.VIEW" />
114-->[com.google.firebase:firebase-auth:24.0.1] AndroidManifest.xml:36:17-69
114-->[com.google.firebase:firebase-auth:24.0.1] AndroidManifest.xml:36:25-66
115
116                <category android:name="android.intent.category.DEFAULT" />
116-->[com.google.firebase:firebase-auth:24.0.1] AndroidManifest.xml:38:17-76
116-->[com.google.firebase:firebase-auth:24.0.1] AndroidManifest.xml:38:27-73
117                <category android:name="android.intent.category.BROWSABLE" />
117-->[com.google.firebase:firebase-auth:24.0.1] AndroidManifest.xml:39:17-78
117-->[com.google.firebase:firebase-auth:24.0.1] AndroidManifest.xml:39:27-75
118
119                <data
119-->[com.google.firebase:firebase-auth:24.0.1] AndroidManifest.xml:41:17-44:51
120                    android:host="firebase.auth"
120-->[com.google.firebase:firebase-auth:24.0.1] AndroidManifest.xml:42:21-49
121                    android:path="/"
121-->[com.google.firebase:firebase-auth:24.0.1] AndroidManifest.xml:43:21-37
122                    android:scheme="genericidp" />
122-->[com.google.firebase:firebase-auth:24.0.1] AndroidManifest.xml:44:21-48
123            </intent-filter>
124        </activity>
125        <activity
125-->[com.google.firebase:firebase-auth:24.0.1] AndroidManifest.xml:47:9-64:20
126            android:name="com.google.firebase.auth.internal.RecaptchaActivity"
126-->[com.google.firebase:firebase-auth:24.0.1] AndroidManifest.xml:48:13-79
127            android:excludeFromRecents="true"
127-->[com.google.firebase:firebase-auth:24.0.1] AndroidManifest.xml:49:13-46
128            android:exported="true"
128-->[com.google.firebase:firebase-auth:24.0.1] AndroidManifest.xml:50:13-36
129            android:launchMode="singleTask"
129-->[com.google.firebase:firebase-auth:24.0.1] AndroidManifest.xml:51:13-44
130            android:theme="@android:style/Theme.Translucent.NoTitleBar" >
130-->[com.google.firebase:firebase-auth:24.0.1] AndroidManifest.xml:52:13-72
131            <intent-filter>
131-->[com.google.firebase:firebase-auth:24.0.1] AndroidManifest.xml:53:13-63:29
132                <action android:name="android.intent.action.VIEW" />
132-->[com.google.firebase:firebase-auth:24.0.1] AndroidManifest.xml:36:17-69
132-->[com.google.firebase:firebase-auth:24.0.1] AndroidManifest.xml:36:25-66
133
134                <category android:name="android.intent.category.DEFAULT" />
134-->[com.google.firebase:firebase-auth:24.0.1] AndroidManifest.xml:38:17-76
134-->[com.google.firebase:firebase-auth:24.0.1] AndroidManifest.xml:38:27-73
135                <category android:name="android.intent.category.BROWSABLE" />
135-->[com.google.firebase:firebase-auth:24.0.1] AndroidManifest.xml:39:17-78
135-->[com.google.firebase:firebase-auth:24.0.1] AndroidManifest.xml:39:27-75
136
137                <data
137-->[com.google.firebase:firebase-auth:24.0.1] AndroidManifest.xml:41:17-44:51
138                    android:host="firebase.auth"
138-->[com.google.firebase:firebase-auth:24.0.1] AndroidManifest.xml:42:21-49
139                    android:path="/"
139-->[com.google.firebase:firebase-auth:24.0.1] AndroidManifest.xml:43:21-37
140                    android:scheme="recaptcha" />
140-->[com.google.firebase:firebase-auth:24.0.1] AndroidManifest.xml:44:21-48
141            </intent-filter>
142        </activity>
143
144        <service
144-->[com.google.firebase:firebase-auth:24.0.1] AndroidManifest.xml:66:9-72:19
145            android:name="com.google.firebase.components.ComponentDiscoveryService"
145-->[com.google.firebase:firebase-auth:24.0.1] AndroidManifest.xml:67:13-84
146            android:directBootAware="true"
146-->[com.google.firebase:firebase-common:22.0.0] AndroidManifest.xml:32:13-43
147            android:exported="false" >
147-->[com.google.firebase:firebase-auth:24.0.1] AndroidManifest.xml:68:13-37
148            <meta-data
148-->[com.google.firebase:firebase-auth:24.0.1] AndroidManifest.xml:69:13-71:85
149                android:name="com.google.firebase.components:com.google.firebase.auth.FirebaseAuthRegistrar"
149-->[com.google.firebase:firebase-auth:24.0.1] AndroidManifest.xml:70:17-109
150                android:value="com.google.firebase.components.ComponentRegistrar" />
150-->[com.google.firebase:firebase-auth:24.0.1] AndroidManifest.xml:71:17-82
151            <meta-data
151-->[com.google.firebase:firebase-firestore:26.0.0] AndroidManifest.xml:17:13-19:85
152                android:name="com.google.firebase.components:com.google.firebase.firestore.FirebaseFirestoreKtxRegistrar"
152-->[com.google.firebase:firebase-firestore:26.0.0] AndroidManifest.xml:18:17-122
153                android:value="com.google.firebase.components.ComponentRegistrar" />
153-->[com.google.firebase:firebase-firestore:26.0.0] AndroidManifest.xml:19:17-82
154            <meta-data
154-->[com.google.firebase:firebase-firestore:26.0.0] AndroidManifest.xml:20:13-22:85
155                android:name="com.google.firebase.components:com.google.firebase.firestore.FirestoreRegistrar"
155-->[com.google.firebase:firebase-firestore:26.0.0] AndroidManifest.xml:21:17-111
156                android:value="com.google.firebase.components.ComponentRegistrar" />
156-->[com.google.firebase:firebase-firestore:26.0.0] AndroidManifest.xml:22:17-82
157            <meta-data
157-->[com.google.firebase:firebase-common:22.0.0] AndroidManifest.xml:35:13-37:85
158                android:name="com.google.firebase.components:com.google.firebase.FirebaseCommonKtxRegistrar"
158-->[com.google.firebase:firebase-common:22.0.0] AndroidManifest.xml:36:17-109
159                android:value="com.google.firebase.components.ComponentRegistrar" />
159-->[com.google.firebase:firebase-common:22.0.0] AndroidManifest.xml:37:17-82
160        </service>
161        <service
161-->[androidx.credentials:credentials-play-services-auth:1.2.0-rc01] AndroidManifest.xml:24:9-32:19
162            android:name="androidx.credentials.playservices.CredentialProviderMetadataHolder"
162-->[androidx.credentials:credentials-play-services-auth:1.2.0-rc01] AndroidManifest.xml:25:13-94
163            android:enabled="true"
163-->[androidx.credentials:credentials-play-services-auth:1.2.0-rc01] AndroidManifest.xml:26:13-35
164            android:exported="false" >
164-->[androidx.credentials:credentials-play-services-auth:1.2.0-rc01] AndroidManifest.xml:27:13-37
165            <meta-data
165-->[androidx.credentials:credentials-play-services-auth:1.2.0-rc01] AndroidManifest.xml:29:13-31:104
166                android:name="androidx.credentials.CREDENTIAL_PROVIDER_KEY"
166-->[androidx.credentials:credentials-play-services-auth:1.2.0-rc01] AndroidManifest.xml:30:17-76
167                android:value="androidx.credentials.playservices.CredentialProviderPlayServicesImpl" />
167-->[androidx.credentials:credentials-play-services-auth:1.2.0-rc01] AndroidManifest.xml:31:17-101
168        </service>
169
170        <activity
170-->[androidx.credentials:credentials-play-services-auth:1.2.0-rc01] AndroidManifest.xml:34:9-41:20
171            android:name="androidx.credentials.playservices.HiddenActivity"
171-->[androidx.credentials:credentials-play-services-auth:1.2.0-rc01] AndroidManifest.xml:35:13-76
172            android:configChanges="orientation|screenSize|screenLayout|keyboardHidden"
172-->[androidx.credentials:credentials-play-services-auth:1.2.0-rc01] AndroidManifest.xml:36:13-87
173            android:enabled="true"
173-->[androidx.credentials:credentials-play-services-auth:1.2.0-rc01] AndroidManifest.xml:37:13-35
174            android:exported="false"
174-->[androidx.credentials:credentials-play-services-auth:1.2.0-rc01] AndroidManifest.xml:38:13-37
175            android:fitsSystemWindows="true"
175-->[androidx.credentials:credentials-play-services-auth:1.2.0-rc01] AndroidManifest.xml:39:13-45
176            android:theme="@style/Theme.Hidden" >
176-->[androidx.credentials:credentials-play-services-auth:1.2.0-rc01] AndroidManifest.xml:40:13-48
177        </activity>
178        <activity
178-->[com.google.android.gms:play-services-auth:21.2.0] AndroidManifest.xml:23:9-27:75
179            android:name="com.google.android.gms.auth.api.signin.internal.SignInHubActivity"
179-->[com.google.android.gms:play-services-auth:21.2.0] AndroidManifest.xml:24:13-93
180            android:excludeFromRecents="true"
180-->[com.google.android.gms:play-services-auth:21.2.0] AndroidManifest.xml:25:13-46
181            android:exported="false"
181-->[com.google.android.gms:play-services-auth:21.2.0] AndroidManifest.xml:26:13-37
182            android:theme="@android:style/Theme.Translucent.NoTitleBar" />
182-->[com.google.android.gms:play-services-auth:21.2.0] AndroidManifest.xml:27:13-72
183        <!--
184            Service handling Google Sign-In user revocation. For apps that do not integrate with
185            Google Sign-In, this service will never be started.
186        -->
187        <service
187-->[com.google.android.gms:play-services-auth:21.2.0] AndroidManifest.xml:33:9-37:51
188            android:name="com.google.android.gms.auth.api.signin.RevocationBoundService"
188-->[com.google.android.gms:play-services-auth:21.2.0] AndroidManifest.xml:34:13-89
189            android:exported="true"
189-->[com.google.android.gms:play-services-auth:21.2.0] AndroidManifest.xml:35:13-36
190            android:permission="com.google.android.gms.auth.api.signin.permission.REVOCATION_NOTIFICATION"
190-->[com.google.android.gms:play-services-auth:21.2.0] AndroidManifest.xml:36:13-107
191            android:visibleToInstantApps="true" />
191-->[com.google.android.gms:play-services-auth:21.2.0] AndroidManifest.xml:37:13-48
192
193        <activity
193-->[com.google.android.gms:play-services-base:18.3.0] AndroidManifest.xml:20:9-22:45
194            android:name="com.google.android.gms.common.api.GoogleApiActivity"
194-->[com.google.android.gms:play-services-base:18.3.0] AndroidManifest.xml:20:19-85
195            android:exported="false"
195-->[com.google.android.gms:play-services-base:18.3.0] AndroidManifest.xml:22:19-43
196            android:theme="@android:style/Theme.Translucent.NoTitleBar" />
196-->[com.google.android.gms:play-services-base:18.3.0] AndroidManifest.xml:21:19-78
197
198        <provider
198-->[com.google.firebase:firebase-common:22.0.0] AndroidManifest.xml:23:9-28:39
199            android:name="com.google.firebase.provider.FirebaseInitProvider"
199-->[com.google.firebase:firebase-common:22.0.0] AndroidManifest.xml:24:13-77
200            android:authorities="com.team.financeapp.firebaseinitprovider"
200-->[com.google.firebase:firebase-common:22.0.0] AndroidManifest.xml:25:13-72
201            android:directBootAware="true"
201-->[com.google.firebase:firebase-common:22.0.0] AndroidManifest.xml:26:13-43
202            android:exported="false"
202-->[com.google.firebase:firebase-common:22.0.0] AndroidManifest.xml:27:13-37
203            android:initOrder="100" />
203-->[com.google.firebase:firebase-common:22.0.0] AndroidManifest.xml:28:13-36
204        <provider
204-->[androidx.work:work-runtime:2.9.1] AndroidManifest.xml:29:9-37:20
205            android:name="androidx.startup.InitializationProvider"
205-->[androidx.work:work-runtime:2.9.1] AndroidManifest.xml:30:13-67
206            android:authorities="com.team.financeapp.androidx-startup"
206-->[androidx.work:work-runtime:2.9.1] AndroidManifest.xml:31:13-68
207            android:exported="false" >
207-->[androidx.work:work-runtime:2.9.1] AndroidManifest.xml:32:13-37
208            <meta-data
208-->[androidx.work:work-runtime:2.9.1] AndroidManifest.xml:34:13-36:52
209                android:name="androidx.work.WorkManagerInitializer"
209-->[androidx.work:work-runtime:2.9.1] AndroidManifest.xml:35:17-68
210                android:value="androidx.startup" />
210-->[androidx.work:work-runtime:2.9.1] AndroidManifest.xml:36:17-49
211            <meta-data
211-->[androidx.emoji2:emoji2:1.2.0] AndroidManifest.xml:29:13-31:52
212                android:name="androidx.emoji2.text.EmojiCompatInitializer"
212-->[androidx.emoji2:emoji2:1.2.0] AndroidManifest.xml:30:17-75
213                android:value="androidx.startup" />
213-->[androidx.emoji2:emoji2:1.2.0] AndroidManifest.xml:31:17-49
214            <meta-data
214-->[androidx.lifecycle:lifecycle-process:2.6.1] AndroidManifest.xml:29:13-31:52
215                android:name="androidx.lifecycle.ProcessLifecycleInitializer"
215-->[androidx.lifecycle:lifecycle-process:2.6.1] AndroidManifest.xml:30:17-78
216                android:value="androidx.startup" />
216-->[androidx.lifecycle:lifecycle-process:2.6.1] AndroidManifest.xml:31:17-49
217            <meta-data
217-->[androidx.profileinstaller:profileinstaller:1.3.0] AndroidManifest.xml:29:13-31:52
218                android:name="androidx.profileinstaller.ProfileInstallerInitializer"
218-->[androidx.profileinstaller:profileinstaller:1.3.0] AndroidManifest.xml:30:17-85
219                android:value="androidx.startup" />
219-->[androidx.profileinstaller:profileinstaller:1.3.0] AndroidManifest.xml:31:17-49
220        </provider>
221
222        <service
222-->[androidx.work:work-runtime:2.9.1] AndroidManifest.xml:39:9-45:35
223            android:name="androidx.work.impl.background.systemalarm.SystemAlarmService"
223-->[androidx.work:work-runtime:2.9.1] AndroidManifest.xml:40:13-88
224            android:directBootAware="false"
224-->[androidx.work:work-runtime:2.9.1] AndroidManifest.xml:41:13-44
225            android:enabled="@bool/enable_system_alarm_service_default"
225-->[androidx.work:work-runtime:2.9.1] AndroidManifest.xml:42:13-72
226            android:exported="false" />
226-->[androidx.work:work-runtime:2.9.1] AndroidManifest.xml:43:13-37
227        <service
227-->[androidx.work:work-runtime:2.9.1] AndroidManifest.xml:46:9-52:35
228            android:name="androidx.work.impl.background.systemjob.SystemJobService"
228-->[androidx.work:work-runtime:2.9.1] AndroidManifest.xml:47:13-84
229            android:directBootAware="false"
229-->[androidx.work:work-runtime:2.9.1] AndroidManifest.xml:48:13-44
230            android:enabled="@bool/enable_system_job_service_default"
230-->[androidx.work:work-runtime:2.9.1] AndroidManifest.xml:49:13-70
231            android:exported="true"
231-->[androidx.work:work-runtime:2.9.1] AndroidManifest.xml:50:13-36
232            android:permission="android.permission.BIND_JOB_SERVICE" />
232-->[androidx.work:work-runtime:2.9.1] AndroidManifest.xml:51:13-69
233        <service
233-->[androidx.work:work-runtime:2.9.1] AndroidManifest.xml:53:9-59:35
234            android:name="androidx.work.impl.foreground.SystemForegroundService"
234-->[androidx.work:work-runtime:2.9.1] AndroidManifest.xml:54:13-81
235            android:directBootAware="false"
235-->[androidx.work:work-runtime:2.9.1] AndroidManifest.xml:55:13-44
236            android:enabled="@bool/enable_system_foreground_service_default"
236-->[androidx.work:work-runtime:2.9.1] AndroidManifest.xml:56:13-77
237            android:exported="false" />
237-->[androidx.work:work-runtime:2.9.1] AndroidManifest.xml:57:13-37
238
239        <receiver
239-->[androidx.work:work-runtime:2.9.1] AndroidManifest.xml:61:9-66:35
240            android:name="androidx.work.impl.utils.ForceStopRunnable$BroadcastReceiver"
240-->[androidx.work:work-runtime:2.9.1] AndroidManifest.xml:62:13-88
241            android:directBootAware="false"
241-->[androidx.work:work-runtime:2.9.1] AndroidManifest.xml:63:13-44
242            android:enabled="true"
242-->[androidx.work:work-runtime:2.9.1] AndroidManifest.xml:64:13-35
243            android:exported="false" />
243-->[androidx.work:work-runtime:2.9.1] AndroidManifest.xml:65:13-37
244        <receiver
244-->[androidx.work:work-runtime:2.9.1] AndroidManifest.xml:67:9-77:20
245            android:name="androidx.work.impl.background.systemalarm.ConstraintProxy$BatteryChargingProxy"
245-->[androidx.work:work-runtime:2.9.1] AndroidManifest.xml:68:13-106
246            android:directBootAware="false"
246-->[androidx.work:work-runtime:2.9.1] AndroidManifest.xml:69:13-44
247            android:enabled="false"
247-->[androidx.work:work-runtime:2.9.1] AndroidManifest.xml:70:13-36
248            android:exported="false" >
248-->[androidx.work:work-runtime:2.9.1] AndroidManifest.xml:71:13-37
249            <intent-filter>
249-->[androidx.work:work-runtime:2.9.1] AndroidManifest.xml:73:13-76:29
250                <action android:name="android.intent.action.ACTION_POWER_CONNECTED" />
250-->[androidx.work:work-runtime:2.9.1] AndroidManifest.xml:74:17-87
250-->[androidx.work:work-runtime:2.9.1] AndroidManifest.xml:74:25-84
251                <action android:name="android.intent.action.ACTION_POWER_DISCONNECTED" />
251-->[androidx.work:work-runtime:2.9.1] AndroidManifest.xml:75:17-90
251-->[androidx.work:work-runtime:2.9.1] AndroidManifest.xml:75:25-87
252            </intent-filter>
253        </receiver>
254        <receiver
254-->[androidx.work:work-runtime:2.9.1] AndroidManifest.xml:78:9-88:20
255            android:name="androidx.work.impl.background.systemalarm.ConstraintProxy$BatteryNotLowProxy"
255-->[androidx.work:work-runtime:2.9.1] AndroidManifest.xml:79:13-104
256            android:directBootAware="false"
256-->[androidx.work:work-runtime:2.9.1] AndroidManifest.xml:80:13-44
257            android:enabled="false"
257-->[androidx.work:work-runtime:2.9.1] AndroidManifest.xml:81:13-36
258            android:exported="false" >
258-->[androidx.work:work-runtime:2.9.1] AndroidManifest.xml:82:13-37
259            <intent-filter>
259-->[androidx.work:work-runtime:2.9.1] AndroidManifest.xml:84:13-87:29
260                <action android:name="android.intent.action.BATTERY_OKAY" />
260-->[androidx.work:work-runtime:2.9.1] AndroidManifest.xml:85:17-77
260-->[androidx.work:work-runtime:2.9.1] AndroidManifest.xml:85:25-74
261                <action android:name="android.intent.action.BATTERY_LOW" />
261-->[androidx.work:work-runtime:2.9.1] AndroidManifest.xml:86:17-76
261-->[androidx.work:work-runtime:2.9.1] AndroidManifest.xml:86:25-73
262            </intent-filter>
263        </receiver>
264        <receiver
264-->[androidx.work:work-runtime:2.9.1] AndroidManifest.xml:89:9-99:20
265            android:name="androidx.work.impl.background.systemalarm.ConstraintProxy$StorageNotLowProxy"
265-->[androidx.work:work-runtime:2.9.1] AndroidManifest.xml:90:13-104
266            android:directBootAware="false"
266-->[androidx.work:work-runtime:2.9.1] AndroidManifest.xml:91:13-44
267            android:enabled="false"
267-->[androidx.work:work-runtime:2.9.1] AndroidManifest.xml:92:13-36
268            android:exported="false" >
268-->[androidx.work:work-runtime:2.9.1] AndroidManifest.xml:93:13-37
269            <intent-filter>
269-->[androidx.work:work-runtime:2.9.1] AndroidManifest.xml:95:13-98:29
270                <action android:name="android.intent.action.DEVICE_STORAGE_LOW" />
270-->[androidx.work:work-runtime:2.9.1] AndroidManifest.xml:96:17-83
270-->[androidx.work:work-runtime:2.9.1] AndroidManifest.xml:96:25-80
271                <action android:name="android.intent.action.DEVICE_STORAGE_OK" />
271-->[androidx.work:work-runtime:2.9.1] AndroidManifest.xml:97:17-82
271-->[androidx.work:work-runtime:2.9.1] AndroidManifest.xml:97:25-79
272            </intent-filter>
273        </receiver>
274        <receiver
274-->[androidx.work:work-runtime:2.9.1] AndroidManifest.xml:100:9-109:20
275            android:name="androidx.work.impl.background.systemalarm.ConstraintProxy$NetworkStateProxy"
275-->[androidx.work:work-runtime:2.9.1] AndroidManifest.xml:101:13-103
276            android:directBootAware="false"